2023-04-26 14:57:21: Show Browse Dialog for job '1'
2023-04-26 14:57:21: Cannot Browse while job is running, waiting to run, or in Unattended mode
2023-04-26 14:57:27: Getting changes: 300 items processed
2023-04-26 14:57:28: Getting changes: 400 items processed
2023-04-26 14:57:29: Getting changes: 500 items processed
2023-04-26 14:57:29: Getting changes: 600 items processed
2023-04-26 14:57:29: Getting changes: 700 items processed
2023-04-26 14:57:30: Getting changes: 800 items processed
2023-04-26 14:57:31: Getting changes: 900 items processed
2023-04-26 14:57:31: Getting changes: 1000 items processed
2023-04-26 14:57:32: Getting changes: 1100 items processed
2023-04-26 14:57:33: Getting changes: 1200 items processed
2023-04-26 14:57:34: Getting changes: 1300 items processed
2023-04-26 14:57:34: Getting changes: 1400 items processed
2023-04-26 14:57:36: Getting changes: 1500 items processed
2023-04-26 14:57:36: Getting changes: 1600 items processed
2023-04-26 14:57:36: Getting changes: 1700 items processed
2023-04-26 14:57:37: Getting changes: 1800 items processed
2023-04-26 14:57:37: Getting changes: 1900 items processed
2023-04-26 14:57:38: Getting changes: 2000 items processed
2023-04-26 14:57:38: Getting changes: 2100 items processed
2023-04-26 14:57:39: Getting changes: 2200 items processed
2023-04-26 14:57:39: Getting changes: 2300 items processed
2023-04-26 14:57:39: Getting changes: 2400 items processed
2023-04-26 14:57:40: Getting changes: 2500 items processed
2023-04-26 14:57:40: Getting changes: 2600 items processed
2023-04-26 14:57:41: Getting changes: 2700 items processed
2023-04-26 14:57:41: Getting changes: 2800 items processed
2023-04-26 14:57:41: Getting changes: 2900 items processed
2023-04-26 14:57:42: Getting changes: 3000 items processed
2023-04-26 14:57:45: Getting changes: 300 items processed
2023-04-26 14:57:45: Getting changes: 400 items processed
2023-04-26 14:58:14: Waiting for cache by another instance of Google Drive file system.
2023-04-26 14:59:14: Waiting for cache by another instance of Google Drive file system.
2023-04-26 15:00:14: Waiting for cache by another instance of Google Drive file system.
2023-04-26 15:01:14: Waiting for cache by another instance of Google Drive file system.
2023-04-26 15:02:14: Waiting for cache by another instance of Google Drive file system.
2023-04-26 15:02:54: Stop requested by Stop By User: #1
2023-04-26 15:02:54: stopped by Stop By User
